C51 COMPILER V9.60.0.0   ONEWIRE                                                           04/20/2020 00:12:51 PAGE 1   


C51 COMPILER V9.60.0.0, COMPILATION OF MODULE ONEWIRE
OBJECT MODULE PLACED IN .\Objects\onewire.obj
COMPILER INVOKED BY: D:\Keil\C51\BIN\C51.EXE lib\onewire.c OPTIMIZE(8,SPEED) BROWSE INCDIR(.\lib) DEBUG OBJECTEXTEND PRI
                    -NT(.\Listings\onewire.lst) OBJECT(.\Objects\onewire.obj)

line level    source

   1          #include "headfile.h"
   2          
   3          sbit DQ = P1^4;
   4          
   5          
   6          void Delay_OneWire(unsigned int t)  
   7          {
   8   1              unsigned char i;
   9   1              while(t--){
  10   2                      for(i=0;i<12;i++);
  11   2              }
  12   1      }
  13          
  14          void Delay_us(void)
  15          {
  16   1              unsigned char i;
  17   1      
  18   1              i = 30;
  19   1              while (--i);
  20   1      }
  21          
  22          
  23          void Write_DS18B20(unsigned char dat)
  24          {
  25   1              unsigned char i;
  26   1              for(i=0;i<8;i++)
  27   1              {       
  28   2                      EA = 0;
  29   2                      DQ = 0;
  30   2                      DQ = dat&0x01;
  31   2                      Delay_OneWire(5);
  32   2                      DQ = 1;
  33   2                      dat >>= 1;
  34   2                      EA = 1;
  35   2              }
  36   1              Delay_OneWire(5);
  37   1      
  38   1      }
  39          
  40          unsigned char Read_DS18B20(void)
  41          {
  42   1              unsigned char i;
  43   1              unsigned char dat;
  44   1      //      unsigned char index = 0;
  45   1                      
  46   1              for(i=0;i<8;i++)
  47   1              {
  48   2                      EA = 0;
  49   2                      DQ = 0;
  50   2                      dat >>= 1;
  51   2                      DQ = 1; 
  52   2                      Delay_us();
  53   2      
  54   2                      if(DQ)  
C51 COMPILER V9.60.0.0   ONEWIRE                                                           04/20/2020 00:12:51 PAGE 2   

  55   2                      {
  56   3                              dat |= 0x80;
  57   3                      }         
  58   2                      EA = 1;
  59   2                      Delay_OneWire(5);
  60   2              }
  61   1              return dat;
  62   1      }
  63          
  64          
  65          bit init_ds18b20(void)
  66          {
  67   1              bit initflag = 0;
  68   1              
  69   1              DQ = 1;
  70   1              Delay_OneWire(12);
  71   1              DQ = 0;
  72   1      
  73   1              Delay_OneWire(80); 
  74   1              DQ = 1;
  75   1              Delay_OneWire(10);  
  76   1              initflag = DQ;     
  77   1              Delay_OneWire(5);
  78   1        
  79   1              return initflag;
  80   1      }
  81          
  82          uint rd_temperature(void)
  83          {
  84   1              static uint tempfifo;
  85   1              static uchar low, high;
  86   1              
  87   1              init_ds18b20();
  88   1              Write_DS18B20(0xcc);
  89   1              Write_DS18B20(0x44);
  90   1              Delay_OneWire(200);
  91   1              
  92   1              init_ds18b20();
  93   1              Write_DS18B20(0xcc);
  94   1              Write_DS18B20(0xbe);
  95   1              
  96   1              low = Read_DS18B20();
  97   1              high = Read_DS18B20();
  98   1              tempfifo = (high & 0x0f) << 8;
  99   1              tempfifo |= low;
 100   1              (uint)tempfifo = (float)tempfifo * 6.25;
 101   1              
 102   1          return tempfifo;
 103   1      }
 104          


MODULE INFORMATION:   STATIC OVERLAYABLE
   CODE SIZE        =    241    ----
   CONSTANT SIZE    =   ----    ----
   XDATA SIZE       =   ----    ----
   PDATA SIZE       =   ----    ----
   DATA SIZE        =      4    ----
   IDATA SIZE       =   ----    ----
   BIT SIZE         =   ----       1
END OF MODULE INFORMATION.


C51 COMPILATION COMPLETE.  0 WARNING(S),  0 ERROR(S)
